This file contains any messages produced by compilers while
running configure, to aid debugging if configure makes a mistake.

It was created by configure, which was
generated by GNU Autoconf 2.63.  Invocation command line was

  $ ./configure --no-create --no-recursion

## --------- ##
## Platform. ##
## --------- ##

hostname = sqeakys-neutrino
uname -m = i686
uname -r = 2.6.28-16-generic
uname -s = Linux
uname -v = #55-Ubuntu SMP Tue Oct 20 19:48:24 UTC 2009

/usr/bin/uname -p = unknown
/bin/uname -X     = unknown

/bin/arch              = unknown
/usr/bin/arch -k       = unknown
/usr/convex/getsysinfo = unknown
/usr/bin/hostinfo      = unknown
/bin/machine           = unknown
/usr/bin/oslevel       = unknown
/bin/universe          = unknown

PATH: /home/sqeaky/bin
PATH: /usr/local/sbin
PATH: /usr/local/bin
PATH: /usr/sbin
PATH: /usr/bin
PATH: /sbin
PATH: /bin
PATH: /usr/games


## ----------- ##
## Core tests. ##
## ----------- ##

configure:1863: checking for a BSD-compatible install
configure:1931: result: /usr/bin/install -c
configure:1942: checking whether build environment is sane
configure:1985: result: yes
configure:2010: checking for a thread-safe mkdir -p
configure:2049: result: /bin/mkdir -p
configure:2062: checking for gawk
configure:2092: result: no
configure:2062: checking for mawk
configure:2078: found /usr/bin/mawk
configure:2089: result: mawk
configure:2100: checking whether make sets $(MAKE)
configure:2122: result: yes
configure:2358: checking for pkg-config
configure:2376: found /usr/bin/pkg-config
configure:2388: result: /usr/bin/pkg-config
configure:2413: checking pkg-config is at least version 0.9.0
configure:2416: result: yes
configure:2427: checking for OGRE
configure:2435: $PKG_CONFIG --exists --print-errors "OGRE >= 1.2"
configure:2438: $? = 0
configure:2453: $PKG_CONFIG --exists --print-errors "OGRE >= 1.2"
configure:2456: $? = 0
configure:2534: result: yes
configure:2543: checking for OIS
configure:2551: $PKG_CONFIG --exists --print-errors "OIS >= 1.0"
configure:2554: $? = 0
configure:2569: $PKG_CONFIG --exists --print-errors "OIS >= 1.0"
configure:2572: $? = 0
configure:2650: result: yes
configure:2671: checking for style of include used by make
configure:2699: result: GNU
configure:2769: checking for gcc
configure:2785: found /usr/bin/gcc
configure:2796: result: gcc
configure:3028: checking for C compiler version
configure:3036: gcc --version >&5
gcc (Ubuntu 4.3.3-5ubuntu4) 4.3.3
Copyright (C) 2008 Free Software Foundation, Inc.
This is free software; see the source for copying conditions.  There is NO
warranty; not even for MERCHANTABILITY or FITNESS FOR A PARTICULAR PURPOSE.

configure:3040: $? = 0
configure:3047: gcc -v >&5
Using built-in specs.
Target: i486-linux-gnu
Configured with: ../src/configure -v --with-pkgversion='Ubuntu 4.3.3-5ubuntu4' --with-bugurl=file:///usr/share/doc/gcc-4.3/README.Bugs --enable-languages=c,c++,fortran,objc,obj-c++ --prefix=/usr --enable-shared --with-system-zlib --libexecdir=/usr/lib --without-included-gettext --enable-threads=posix --enable-nls --with-gxx-include-dir=/usr/include/c++/4.3 --program-suffix=-4.3 --enable-clocale=gnu --enable-libstdcxx-debug --enable-objc-gc --enable-mpfr --enable-targets=all --with-tune=generic --enable-checking=release --build=i486-linux-gnu --host=i486-linux-gnu --target=i486-linux-gnu
Thread model: posix
gcc version 4.3.3 (Ubuntu 4.3.3-5ubuntu4) 
configure:3051: $? = 0
configure:3058: gcc -V >&5
gcc: '-V' option must have argument
configure:3062: $? = 1
configure:3085: checking for C compiler default output file name
configure:3107: gcc    conftest.c  >&5
configure:3111: $? = 0
configure:3149: result: a.out
configure:3168: checking whether the C compiler works
configure:3178: ./a.out
configure:3182: $? = 0
configure:3201: result: yes
configure:3208: checking whether we are cross compiling
configure:3210: result: no
configure:3213: checking for suffix of executables
configure:3220: gcc -o conftest    conftest.c  >&5
configure:3224: $? = 0
configure:3250: result: 
configure:3256: checking for suffix of object files
configure:3282: gcc -c   conftest.c >&5
configure:3286: $? = 0
configure:3311: result: o
configure:3315: checking whether we are using the GNU C compiler
configure:3344: gcc -c   conftest.c >&5
configure:3351: $? = 0
configure:3368: result: yes
configure:3377: checking whether gcc accepts -g
configure:3407: gcc -c -g  conftest.c >&5
configure:3414: $? = 0
configure:3515: result: yes
configure:3532: checking for gcc option to accept ISO C89
configure:3606: gcc  -c -g -O2  conftest.c >&5
configure:3613: $? = 0
configure:3636: result: none needed
configure:3656: checking dependency style of gcc
configure:3747: result: gcc3
configure:3764: checking for dBodyCreate in -lode
configure:3799: gcc -o conftest -g -O2   conftest.c -lode   >&5
configure:3806: $? = 0
configure:3827: result: yes
configure:3906: checking for wx-config
configure:3925: found /usr/bin/wx-config
configure:3938: result: /usr/bin/wx-config
configure:3953: checking for wxWidgets version >= 2.8.0
configure:4000: result: yes (version 2.8.9)
configure:4004: checking for wxWidgets static library
configure:4008: result: no
configure:4136: checking whether build environment is sane
configure:4179: result: yes
configure:4229: checking for gcc
configure:4256: result: gcc
configure:4488: checking for C compiler version
configure:4496: gcc --version >&5
gcc (Ubuntu 4.3.3-5ubuntu4) 4.3.3
Copyright (C) 2008 Free Software Foundation, Inc.
This is free software; see the source for copying conditions.  There is NO
warranty; not even for MERCHANTABILITY or FITNESS FOR A PARTICULAR PURPOSE.

configure:4500: $? = 0
configure:4507: gcc -v >&5
Using built-in specs.
Target: i486-linux-gnu
Configured with: ../src/configure -v --with-pkgversion='Ubuntu 4.3.3-5ubuntu4' --with-bugurl=file:///usr/share/doc/gcc-4.3/README.Bugs --enable-languages=c,c++,fortran,objc,obj-c++ --prefix=/usr --enable-shared --with-system-zlib --libexecdir=/usr/lib --without-included-gettext --enable-threads=posix --enable-nls --with-gxx-include-dir=/usr/include/c++/4.3 --program-suffix=-4.3 --enable-clocale=gnu --enable-libstdcxx-debug --enable-objc-gc --enable-mpfr --enable-targets=all --with-tune=generic --enable-checking=release --build=i486-linux-gnu --host=i486-linux-gnu --target=i486-linux-gnu
Thread model: posix
gcc version 4.3.3 (Ubuntu 4.3.3-5ubuntu4) 
configure:4511: $? = 0
configure:4518: gcc -V >&5
gcc: '-V' option must have argument
configure:4522: $? = 1
configure:4525: checking whether we are using the GNU C compiler
configure:4578: result: yes
configure:4587: checking whether gcc accepts -g
configure:4725: result: yes
configure:4742: checking for gcc option to accept ISO C89
configure:4846: result: none needed
configure:4866: checking dependency style of gcc
configure:4957: result: gcc3
configure:5030: checking for g++
configure:5046: found /usr/bin/g++
configure:5057: result: g++
configure:5084: checking for C++ compiler version
configure:5092: g++ --version >&5
g++ (Ubuntu 4.3.3-5ubuntu4) 4.3.3
Copyright (C) 2008 Free Software Foundation, Inc.
This is free software; see the source for copying conditions.  There is NO
warranty; not even for MERCHANTABILITY or FITNESS FOR A PARTICULAR PURPOSE.

configure:5096: $? = 0
configure:5103: g++ -v >&5
Using built-in specs.
Target: i486-linux-gnu
Configured with: ../src/configure -v --with-pkgversion='Ubuntu 4.3.3-5ubuntu4' --with-bugurl=file:///usr/share/doc/gcc-4.3/README.Bugs --enable-languages=c,c++,fortran,objc,obj-c++ --prefix=/usr --enable-shared --with-system-zlib --libexecdir=/usr/lib --without-included-gettext --enable-threads=posix --enable-nls --with-gxx-include-dir=/usr/include/c++/4.3 --program-suffix=-4.3 --enable-clocale=gnu --enable-libstdcxx-debug --enable-objc-gc --enable-mpfr --enable-targets=all --with-tune=generic --enable-checking=release --build=i486-linux-gnu --host=i486-linux-gnu --target=i486-linux-gnu
Thread model: posix
gcc version 4.3.3 (Ubuntu 4.3.3-5ubuntu4) 
configure:5107: $? = 0
configure:5114: g++ -V >&5
g++: '-V' option must have argument
configure:5118: $? = 1
configure:5121: checking whether we are using the GNU C++ compiler
configure:5150: g++ -c    -I/usr/lib/wx/include/gtk2-unicode-release-2.8 -I/usr/include/wx-2.8 -D_FILE_OFFSET_BITS=64 -D_LARGE_FILES -D__WXGTK__ conftest.cpp >&5
configure:5157: $? = 0
configure:5174: result: yes
configure:5183: checking whether g++ accepts -g
configure:5213: g++ -c -g  -I/usr/lib/wx/include/gtk2-unicode-release-2.8 -I/usr/include/wx-2.8 -D_FILE_OFFSET_BITS=64 -D_LARGE_FILES -D__WXGTK__ conftest.cpp >&5
configure:5220: $? = 0
configure:5321: result: yes
configure:5346: checking dependency style of g++
configure:5437: result: gcc3
configure:5466: checking for a BSD-compatible install
configure:5534: result: /usr/bin/install -c
configure:5713: creating ./config.status

## ---------------- ##
## Cache variables. ##
## ---------------- ##

ac_cv_c_compiler_gnu=yes
ac_cv_cxx_compiler_gnu=yes
ac_cv_env_CCC_set=
ac_cv_env_CCC_value=
ac_cv_env_CC_set=
ac_cv_env_CC_value=
ac_cv_env_CFLAGS_set=
ac_cv_env_CFLAGS_value=
ac_cv_env_CPPFLAGS_set=
ac_cv_env_CPPFLAGS_value=
ac_cv_env_CXXFLAGS_set=
ac_cv_env_CXXFLAGS_value=
ac_cv_env_CXX_set=
ac_cv_env_CXX_value=
ac_cv_env_LDFLAGS_set=
ac_cv_env_LDFLAGS_value=
ac_cv_env_LIBS_set=
ac_cv_env_LIBS_value=
ac_cv_env_OGRE_CFLAGS_set=
ac_cv_env_OGRE_CFLAGS_value=
ac_cv_env_OGRE_LIBS_set=
ac_cv_env_OGRE_LIBS_value=
ac_cv_env_OIS_CFLAGS_set=
ac_cv_env_OIS_CFLAGS_value=
ac_cv_env_OIS_LIBS_set=
ac_cv_env_OIS_LIBS_value=
ac_cv_env_PKG_CONFIG_set=
ac_cv_env_PKG_CONFIG_value=
ac_cv_env_build_alias_set=
ac_cv_env_build_alias_value=
ac_cv_env_host_alias_set=
ac_cv_env_host_alias_value=
ac_cv_env_target_alias_set=
ac_cv_env_target_alias_value=
ac_cv_lib_ode_dBodyCreate=yes
ac_cv_objext=o
ac_cv_path_WX_CONFIG_PATH=/usr/bin/wx-config
ac_cv_path_ac_pt_PKG_CONFIG=/usr/bin/pkg-config
ac_cv_path_install='/usr/bin/install -c'
ac_cv_path_mkdir=/bin/mkdir
ac_cv_prog_AWK=mawk
ac_cv_prog_ac_ct_CC=gcc
ac_cv_prog_ac_ct_CXX=g++
ac_cv_prog_cc_c89=
ac_cv_prog_cc_g=yes
ac_cv_prog_cxx_g=yes
ac_cv_prog_make_make_set=yes
am_cv_CC_dependencies_compiler_type=gcc3
am_cv_CXX_dependencies_compiler_type=gcc3
pkg_cv_OGRE_CFLAGS='-DOGRE_GUI_GLX -DOGRE_CONFIG_LITTLE_ENDIAN -I/usr/include/OGRE  '
pkg_cv_OGRE_LIBS='-lOgreMain  '
pkg_cv_OIS_CFLAGS='-I/usr//include/OIS -I/usr//include  '
pkg_cv_OIS_LIBS='-L/usr//lib -lOIS  '

## ----------------- ##
## Output variables. ##
## ----------------- ##

ACLOCAL='${SHELL} /home/sqeaky/Projects/physgame/missing --run aclocal-1.10'
AMDEPBACKSLASH='\'
AMDEP_FALSE='#'
AMDEP_TRUE=''
AMTAR='${SHELL} /home/sqeaky/Projects/physgame/missing --run tar'
AUTOCONF='${SHELL} /home/sqeaky/Projects/physgame/missing --run autoconf'
AUTOHEADER='${SHELL} /home/sqeaky/Projects/physgame/missing --run autoheader'
AUTOMAKE='${SHELL} /home/sqeaky/Projects/physgame/missing --run automake-1.10'
AWK='mawk'
CC='gcc'
CCDEPMODE='depmode=gcc3'
CFLAGS='-g -O2 -pthread'
CPPFLAGS=' -I/usr/lib/wx/include/gtk2-unicode-release-2.8 -I/usr/include/wx-2.8 -D_FILE_OFFSET_BITS=64 -D_LARGE_FILES -D__WXGTK__'
CXX='g++'
CXXDEPMODE='depmode=gcc3'
CXXFLAGS=' '
CYGPATH_W='echo'
DEFS='-DPACKAGE_NAME=\"\" -DPACKAGE_TARNAME=\"\" -DPACKAGE_VERSION=\"\" -DPACKAGE_STRING=\"\" -DPACKAGE_BUGREPORT=\"\" -DPACKAGE=\"physgame\" -DVERSION=\"0.1\" -DHAVE_LIBODE=1'
DEPDIR='.deps'
ECHO_C=''
ECHO_N='-n'
ECHO_T=''
EXEEXT=''
INSTALL_DATA='${INSTALL} -m 644'
INSTALL_PROGRAM='${INSTALL}'
INSTALL_SCRIPT='${INSTALL}'
INSTALL_STRIP_PROGRAM='$(install_sh) -c -s'
LDFLAGS=''
LIBOBJS=''
LIBS='-lode  -pthread -Wl,-Bsymbolic-functions  -lwx_gtk2u_richtext-2.8 -lwx_gtk2u_aui-2.8 -lwx_gtk2u_xrc-2.8 -lwx_gtk2u_qa-2.8 -lwx_gtk2u_html-2.8 -lwx_gtk2u_adv-2.8 -lwx_gtk2u_core-2.8 -lwx_baseu_xml-2.8 -lwx_baseu_net-2.8 -lwx_baseu-2.8 '
LTLIBOBJS=''
MAKEINFO='${SHELL} /home/sqeaky/Projects/physgame/missing --run makeinfo'
MKDIR_P='/bin/mkdir -p'
OBJEXT='o'
OGRE_CFLAGS='-DOGRE_GUI_GLX -DOGRE_CONFIG_LITTLE_ENDIAN -I/usr/include/OGRE  '
OGRE_LIBS='-lOgreMain  '
OIS_CFLAGS='-I/usr//include/OIS -I/usr//include  '
OIS_LIBS='-L/usr//lib -lOIS  '
PACKAGE='physgame'
PACKAGE_BUGREPORT=''
PACKAGE_NAME=''
PACKAGE_STRING=''
PACKAGE_TARNAME=''
PACKAGE_VERSION=''
PATH_SEPARATOR=':'
PKG_CONFIG='/usr/bin/pkg-config'
SET_MAKE=''
SHELL='/bin/bash'
STRIP=''
VERSION='0.1'
WX_CFLAGS='-I/usr/lib/wx/include/gtk2-unicode-release-2.8 -I/usr/include/wx-2.8 -D_FILE_OFFSET_BITS=64 -D_LARGE_FILES -D__WXGTK__ -pthread'
WX_CFLAGS_ONLY='-pthread'
WX_CONFIG_PATH='/usr/bin/wx-config'
WX_CPPFLAGS='-I/usr/lib/wx/include/gtk2-unicode-release-2.8 -I/usr/include/wx-2.8 -D_FILE_OFFSET_BITS=64 -D_LARGE_FILES -D__WXGTK__'
WX_CXXFLAGS='-I/usr/lib/wx/include/gtk2-unicode-release-2.8 -I/usr/include/wx-2.8 -D_FILE_OFFSET_BITS=64 -D_LARGE_FILES -D__WXGTK__ -pthread'
WX_CXXFLAGS_ONLY=''
WX_LIBS='-pthread -Wl,-Bsymbolic-functions  -lwx_gtk2u_richtext-2.8 -lwx_gtk2u_aui-2.8 -lwx_gtk2u_xrc-2.8 -lwx_gtk2u_qa-2.8 -lwx_gtk2u_html-2.8 -lwx_gtk2u_adv-2.8 -lwx_gtk2u_core-2.8 -lwx_baseu_xml-2.8 -lwx_baseu_net-2.8 -lwx_baseu-2.8 '
WX_LIBS_STATIC=''
WX_RESCOMP=''
WX_VERSION='2.8.9'
ac_ct_CC='gcc'
ac_ct_CXX='g++'
am__fastdepCC_FALSE='#'
am__fastdepCC_TRUE=''
am__fastdepCXX_FALSE='#'
am__fastdepCXX_TRUE=''
am__include='include'
am__isrc=''
am__leading_dot='.'
am__quote=''
am__tar='${AMTAR} chof - "$$tardir"'
am__untar='${AMTAR} xf -'
bindir='${exec_prefix}/bin'
build_alias=''
datadir='${datarootdir}'
datarootdir='${prefix}/share'
docdir='${datarootdir}/doc/${PACKAGE}'
dvidir='${docdir}'
exec_prefix='${prefix}'
host_alias=''
htmldir='${docdir}'
includedir='${prefix}/include'
infodir='${datarootdir}/info'
install_sh='$(SHELL) /home/sqeaky/Projects/physgame/install-sh'
libdir='${exec_prefix}/lib'
libexecdir='${exec_prefix}/libexec'
localedir='${datarootdir}/locale'
localstatedir='${prefix}/var'
mandir='${datarootdir}/man'
mkdir_p='/bin/mkdir -p'
oldincludedir='/usr/include'
pdfdir='${docdir}'
prefix='/usr/local'
program_transform_name='s,x,x,'
psdir='${docdir}'
sbindir='${exec_prefix}/sbin'
sharedstatedir='${prefix}/com'
sysconfdir='${prefix}/etc'
target_alias=''

## ----------- ##
## confdefs.h. ##
## ----------- ##

#define PACKAGE_NAME ""
#define PACKAGE_TARNAME ""
#define PACKAGE_VERSION ""
#define PACKAGE_STRING ""
#define PACKAGE_BUGREPORT ""
#define PACKAGE "physgame"
#define VERSION "0.1"
#define HAVE_LIBODE 1

configure: exit 0

## ---------------------- ##
## Running config.status. ##
## ---------------------- ##

This file was extended by config.status, which was
generated by GNU Autoconf 2.63.  Invocation command line was

  CONFIG_FILES    = 
  CONFIG_HEADERS  = 
  CONFIG_LINKS    = 
  CONFIG_COMMANDS = 
  $ ./config.status 

on sqeakys-neutrino

config.status:711: creating Makefile
config.status:711: creating src/Makefile
config.status:922: executing depfiles commands
