23:11:11: Creating resource group General
23:11:11: Creating resource group Internal
23:11:11: Creating resource group Autodetect
23:11:11: SceneManagerFactory for type 'DefaultSceneManager' registered.
23:11:11: Registering ResourceManager for type Material
23:11:11: Registering ResourceManager for type Mesh
23:11:11: Registering ResourceManager for type Skeleton
23:11:11: MovableObjectFactory for type 'ParticleSystem' registered.
23:11:11: OverlayElementFactory for type Panel registered.
23:11:11: OverlayElementFactory for type BorderPanel registered.
23:11:11: OverlayElementFactory for type TextArea registered.
23:11:11: Registering ResourceManager for type Font
23:11:11: ArchiveFactory for archive type FileSystem registered.
23:11:11: ArchiveFactory for archive type Zip registered.
23:11:11: FreeImage version: 3.10.0
23:11:11: This program uses FreeImage, a free, open source image library supporting all common bitmap formats. See http://freeimage.sourceforge.net for details
23:11:11: Supported formats: bmp,ico,jpg,jif,jpeg,jpe,jng,koa,iff,lbm,mng,pbm,pbm,pcd,pcx,pgm,pgm,png,ppm,ppm,ras,tga,targa,tif,tiff,wap,wbmp,wbm,psd,cut,xbm,xpm,gif,hdr,g3,sgi,exr,j2k,j2c,jp2
23:11:11: DDS codec registering
23:11:11: Registering ResourceManager for type HighLevelGpuProgram
23:11:11: Registering ResourceManager for type Compositor
23:11:11: MovableObjectFactory for type 'Entity' registered.
23:11:11: MovableObjectFactory for type 'Light' registered.
23:11:11: MovableObjectFactory for type 'BillboardSet' registered.
23:11:11: MovableObjectFactory for type 'ManualObject' registered.
23:11:11: MovableObjectFactory for type 'BillboardChain' registered.
23:11:11: MovableObjectFactory for type 'RibbonTrail' registered.
23:11:11: Loading library data/ubuntu/plugins/RenderSystem_GL.so
23:11:12: Installing plugin: GL RenderSystem
23:11:12: OpenGL Rendering Subsystem created.
23:11:12: Plugin successfully installed
23:11:12: *-*-* OGRE Initialising
23:11:12: *-*-* Version 1.6.4 (Shoggoth)
23:11:12: CPU Identifier & Features
23:11:12: -------------------------
23:11:12:  *   CPU ID: GenuineIntel: Intel(R) Atom(TM) CPU N270   @ 1.60GHz
23:11:12:  *      SSE: yes
23:11:12:  *     SSE2: yes
23:11:12:  *     SSE3: yes
23:11:12:  *      MMX: yes
23:11:12:  *   MMXEXT: yes
23:11:12:  *    3DNOW: no
23:11:12:  * 3DNOWEXT: no
23:11:12:  *     CMOV: yes
23:11:12:  *      TSC: yes
23:11:12:  *      FPU: yes
23:11:12:  *      PRO: yes
23:11:12:  *       HT: no
23:11:12: -------------------------
23:11:12: ******************************
*** Starting GLX Subsystem ***
******************************
23:11:12: GLRenderSystem::_createRenderWindow "physgame", 680x480 windowed  miscParams: currentGLContext=True 
23:11:12: GLXWindow::create used FBConfigID = 151
23:11:12: GL_VERSION = 1.4 Mesa 7.6
23:11:12: GL_VENDOR = Tungsten Graphics, Inc
23:11:12: GL_RENDERER = Mesa DRI Intel(R) 945GME GEM 20090712 2009Q2 RC3 x86/MMX/SSE2
23:11:12: GL_EXTENSIONS = GL_ARB_copy_buffer GL_ARB_depth_texture GL_ARB_draw_buffers GL_ARB_fragment_program GL_ARB_half_float_pixel GL_ARB_map_buffer_range GL_ARB_multisample GL_ARB_multitexture GL_ARB_pixel_buffer_object GL_ARB_point_parameters GL_ARB_point_sprite GL_ARB_shadow GL_ARB_sync GL_ARB_texture_border_clamp GL_ARB_texture_compression GL_ARB_texture_cube_map GL_ARB_texture_env_add GL_ARB_texture_env_combine GL_ARB_texture_env_crossbar GL_ARB_texture_env_dot3 GL_ARB_texture_mirrored_repeat GL_ARB_texture_non_power_of_two GL_ARB_texture_rectangle GL_ARB_transpose_matrix GL_ARB_vertex_array_object GL_ARB_vertex_buffer_object GL_ARB_vertex_program GL_ARB_window_pos GL_EXT_abgr GL_EXT_bgra GL_EXT_blend_color GL_EXT_blend_equation_separate GL_EXT_blend_func_separate GL_EXT_blend_logic_op GL_EXT_blend_minmax GL_EXT_blend_subtract GL_EXT_cull_vertex GL_EXT_compiled_vertex_array GL_EXT_copy_texture GL_EXT_draw_range_elements GL_EXT_framebuffer_object GL_EXT_framebuffer_blit GL_EXT_fog_coord GL_EXT_gpu_program_parameters GL_EXT_multi_draw_arrays GL_EXT_packed_depth_stencil GL_EXT_packed_pixels GL_EXT_pixel_buffer_object GL_EXT_point_parameters GL_EXT_polygon_offset GL_EXT_provoking_vertex GL_EXT_rescale_normal GL_EXT_secondary_color GL_EXT_separate_specular_color GL_EXT_shadow_funcs GL_EXT_stencil_two_side GL_EXT_stencil_wrap GL_EXT_subtexture GL_EXT_texture GL_EXT_texture3D GL_EXT_texture_edge_clamp GL_EXT_texture_env_add GL_EXT_texture_env_combine GL_EXT_texture_env_dot3 GL_EXT_texture_filter_anisotropic GL_EXT_texture_lod_bias GL_EXT_texture_object GL_EXT_texture_rectangle GL_EXT_vertex_array GL_3DFX_texture_compression_FXT1 GL_APPLE_client_storage GL_APPLE_packed_pixels GL_APPLE_vertex_array_object GL_ATI_blend_equation_separate GL_ATI_texture_env_combine3 GL_ATI_separate_stencil GL_IBM_multimode_draw_arrays GL_IBM_rasterpos_clip GL_IBM_texture_mirrored_repeat GL_INGR_blend_func_separate GL_MESA_pack_invert GL_MESA_ycbcr_texture GL_MESA_window_pos GL_NV_blend_square GL_NV_light_max_exponent GL_NV_point_sprite GL_NV_texture_env_combine4 GL_NV_texture_rectangle GL_NV_texgen_reflection GL_NV_vertex_program GL_NV_vertex_program1_1 GL_OES_read_format GL_SGIS_generate_mipmap GL_SGIS_texture_border_clamp GL_SGIS_texture_edge_clamp GL_SGIS_texture_lod GL_SUN_multi_draw_arrays
23:11:12: Supported GLX extensions: GLX_ARB_get_proc_address GLX_ARB_multisample GLX_EXT_import_context GLX_EXT_visual_info GLX_EXT_visual_rating GLX_MESA_copy_sub_buffer GLX_MESA_swap_frame_usage GLX_OML_swap_method GLX_SGI_video_sync GLX_SGIS_multisample GLX_SGIX_fbconfig GLX_SGIX_visual_select_group GLX_EXT_texture_from_pixmap 
23:11:12: ***************************
23:11:12: *** GL Renderer Started ***
23:11:12: ***************************
23:11:12: Registering ResourceManager for type GpuProgram
23:11:12: GL: Using GL_EXT_framebuffer_object for rendering to textures (best)
23:11:12: FBO PF_UNKNOWN depth/stencil support: D16S0 D24S0 D32S0 Packed-D24S8 
23:11:12: FBO PF_R5G6B5 depth/stencil support: D0S0 D16S0 D24S0 D32S0 Packed-D24S8 
23:11:12: FBO PF_B5G6R5 depth/stencil support: D0S0 D16S0 D24S0 D32S0 Packed-D24S8 
23:11:12: FBO PF_A4R4G4B4 depth/stencil support: D0S0 D16S0 D24S0 D32S0 Packed-D24S8 
23:11:12: FBO PF_A1R5G5B5 depth/stencil support: D0S0 D16S0 D24S0 D32S0 Packed-D24S8 
23:11:12: FBO PF_R8G8B8 depth/stencil support: D0S0 D16S0 D24S0 D32S0 Packed-D24S8 
23:11:12: FBO PF_B8G8R8 depth/stencil support: D0S0 D16S0 D24S0 D32S0 Packed-D24S8 
23:11:12: FBO PF_A8R8G8B8 depth/stencil support: D0S0 D16S0 D24S0 D32S0 Packed-D24S8 
23:11:12: FBO PF_B8G8R8A8 depth/stencil support: D0S0 D16S0 D24S0 D32S0 Packed-D24S8 
23:11:12: FBO PF_A2R10G10B10 depth/stencil support: D0S0 D16S0 D24S0 D32S0 Packed-D24S8 
23:11:12: FBO PF_A2B10G10R10 depth/stencil support: D0S0 D16S0 D24S0 D32S0 Packed-D24S8 
23:11:12: FBO PF_X8R8G8B8 depth/stencil support: D0S0 D16S0 D24S0 D32S0 Packed-D24S8 
23:11:12: FBO PF_X8B8G8R8 depth/stencil support: D0S0 D16S0 D24S0 D32S0 Packed-D24S8 
23:11:12: FBO PF_SHORT_RGBA depth/stencil support: D0S0 D16S0 D24S0 D32S0 Packed-D24S8 
23:11:12: FBO PF_R3G3B2 depth/stencil support: D0S0 D16S0 D24S0 D32S0 Packed-D24S8 
23:11:12: FBO PF_SHORT_RGB depth/stencil support: D0S0 D16S0 D24S0 D32S0 Packed-D24S8 
23:11:12: [GL] : Valid FBO targets PF_UNKNOWN PF_R5G6B5 PF_B5G6R5 PF_A4R4G4B4 PF_A1R5G5B5 PF_R8G8B8 PF_B8G8R8 PF_A8R8G8B8 PF_B8G8R8A8 PF_A2R10G10B10 PF_A2B10G10R10 PF_X8R8G8B8 PF_X8B8G8R8 PF_SHORT_RGBA PF_R3G3B2 PF_SHORT_RGB 
23:11:12: RenderSystem capabilities
23:11:12: -------------------------
23:11:12: RenderSystem Name: OpenGL Rendering Subsystem
23:11:12: GPU Vendor: unknown
23:11:12: Device Name: Mesa DRI Intel(R) 945GME GEM 20090712 2009Q2 RC3 x86/MMX/SSE2
23:11:12: Driver Version: 1.4.0.0
23:11:12:  * Fixed function pipeline: yes
23:11:12:  * Hardware generation of mipmaps: yes
23:11:12:  * Texture blending: yes
23:11:12:  * Anisotropic texture filtering: yes
23:11:12:  * Dot product texture operation: yes
23:11:12:  * Cube mapping: yes
23:11:12:  * Hardware stencil buffer: no
23:11:12:  * Hardware vertex / index buffers: yes
23:11:12:  * Vertex programs: yes
23:11:12:  * Fragment programs: yes
23:11:12:  * Geometry programs: no
23:11:12:  * Supported Shader Profiles: arbfp1 arbvp1
23:11:12:  * Texture Compression: yes
23:11:12:    - DXT: no
23:11:12:    - VTC: no
23:11:12:  * Scissor Rectangle: yes
23:11:12:  * Hardware Occlusion Query: no
23:11:12:  * User clip planes: yes
23:11:12:  * VET_UBYTE4 vertex element type: yes
23:11:12:  * Infinite far plane projection: yes
23:11:12:  * Hardware render-to-texture: yes
23:11:12:  * Floating point textures: no
23:11:12:  * Non-power-of-two textures: yes
23:11:12:  * Volume textures: yes
23:11:12:  * Multiple Render Targets: 1
23:11:12:    - With different bit depths: yes
23:11:12:  * Point Sprites: yes
23:11:12:  * Extended point parameters: yes
23:11:12:  * Max Point Size: 255
23:11:12:  * Vertex texture fetch: no
23:11:12:  * Render to Vertex Buffer : no
23:11:12:  * GL 1.5 without VBO workaround: no
23:11:12:  * Frame Buffer objects: yes
23:11:12:  * Frame Buffer objects (ARB extension): yes
23:11:12:  * Frame Buffer objects (ATI extension): no
23:11:12:  * PBuffer suppport: no
23:11:12:  * GL 1.5 without HW-occlusion workaround: no
23:11:12: Registering ResourceManager for type Texture
23:11:12: ResourceBackgroundQueue - threading disabled
23:11:12: Particle Renderer Type 'billboard' registered
23:11:22: Quitting after 10 sec.
23:11:22: *-*-* OGRE Shutdown
23:11:22: Unregistering ResourceManager for type Compositor
23:11:22: Unregistering ResourceManager for type Font
23:11:22: Unregistering ResourceManager for type Skeleton
23:11:22: Unregistering ResourceManager for type Mesh
23:11:22: Unregistering ResourceManager for type HighLevelGpuProgram
23:11:22: Uninstalling plugin: GL RenderSystem
23:11:22: Unregistering ResourceManager for type GpuProgram
23:11:22: ******************************
*** Stopping GLX Subsystem ***
******************************
23:11:22: Unregistering ResourceManager for type Texture
23:11:22: Plugin successfully uninstalled
23:11:22: Unloading library data/ubuntu/plugins/RenderSystem_GL.so
23:11:22: Unregistering ResourceManager for type Material
