22:48:06: Creating resource group General
22:48:06: Creating resource group Internal
22:48:06: Creating resource group Autodetect
22:48:06: SceneManagerFactory for type 'DefaultSceneManager' registered.
22:48:06: Registering ResourceManager for type Material
22:48:06: Registering ResourceManager for type Mesh
22:48:06: Registering ResourceManager for type Skeleton
22:48:06: MovableObjectFactory for type 'ParticleSystem' registered.
22:48:06: OverlayElementFactory for type Panel registered.
22:48:06: OverlayElementFactory for type BorderPanel registered.
22:48:06: OverlayElementFactory for type TextArea registered.
22:48:06: Registering ResourceManager for type Font
22:48:06: ArchiveFactory for archive type FileSystem registered.
22:48:06: ArchiveFactory for archive type Zip registered.
22:48:06: DDS codec registering
22:48:06: FreeImage version: 3.13.1
22:48:06: This program uses FreeImage, a free, open source image library supporting all common bitmap formats. See http://freeimage.sourceforge.net for details
22:48:06: Supported formats: bmp,ico,jpg,jif,jpeg,jpe,jng,koa,iff,lbm,mng,pbm,pbm,pcd,pcx,pgm,pgm,png,ppm,ppm,ras,tga,targa,tif,tiff,wap,wbmp,wbm,psd,cut,xbm,xpm,gif,hdr,g3,sgi,exr,j2k,j2c,jp2,pfm,pct,pict,pic,bay,bmq,cr2,crw,cs1,dc2,dcr,dng,erf,fff,hdr,k25,kdc,mdc,mos,mrw,nef,orf,pef,pxn,raf,raw,rdc,sr2,srf,arw,3fr,cine,ia,kc2,mef,nrw,qtk,rw2,sti,drf,dsc,ptx,cap,iiq,rwz
22:48:06: Registering ResourceManager for type HighLevelGpuProgram
22:48:06: Registering ResourceManager for type Compositor
22:48:06: MovableObjectFactory for type 'Entity' registered.
22:48:06: MovableObjectFactory for type 'Light' registered.
22:48:06: MovableObjectFactory for type 'BillboardSet' registered.
22:48:06: MovableObjectFactory for type 'ManualObject' registered.
22:48:06: MovableObjectFactory for type 'BillboardChain' registered.
22:48:06: MovableObjectFactory for type 'RibbonTrail' registered.
22:48:06: OGRE EXCEPTION(6:FileNotFoundException): 'data/windows/plugins.cfg' file not found! in ConfigFile::load at ../../../../../OgreMain/src/OgreConfigFile.cpp (line 83)
22:48:06: data/windows/plugins.cfg not found, automatic plugin loading disabled.
22:48:06: *-*-* OGRE Initialising
22:48:06: *-*-* Version 1.7.0 (Cthugha)
22:48:06: Creating resource group Robot
22:48:06: Added resource location 'data/common/' of type 'FileSystem' to resource group 'Robot'
22:48:06: OGRE EXCEPTION(6:FileNotFoundException): 'data/windows/settings.cfg' file not found! in ConfigFile::load at ../../../../../OgreMain/src/OgreConfigFile.cpp (line 83)
22:48:06: OGRE EXCEPTION(6:FileNotFoundException): 'data/windows/settings.cfg' file not found! in ConfigFile::load at ../../../../../OgreMain/src/OgreConfigFile.cpp (line 83)
22:48:52: Error 1: Could not setup Ogre.
